11:47:18.921 [main                     ] DEBUG Logger               - Configured Logger
11:47:18.964 [main                     ] DEBUG GameApplication      - Logging settings
Title: Atari
Version: 1
Width: 800
Height: 900
Fullscreen: false
Intro: false
Profiling: false
Single step:false
App Mode: DEVELOPER
Menu Key: ESCAPE
Stage Style: DECORATED
Scene Factory: class com.almasb.fxgl.app.scene.SceneFactory

11:47:19.547 [JavaFX Application Thread] DEBUG FXGLApplication      - Initializing FXGL
11:47:19.551 [JavaFX Application Thread] INFO  Engine               - FXGL-17 (31.12.2021 18.16) on WINDOWS (J:17.0.8.1 FX:13)
11:47:19.551 [JavaFX Application Thread] DEBUG Engine               - JRE Vendor Name: Eclipse Adoptium
11:47:19.552 [JavaFX Application Thread] DEBUG Engine               - Running on OS: Windows 11 version 10.0
11:47:19.552 [JavaFX Application Thread] DEBUG Engine               - Architecture: amd64
11:47:19.552 [JavaFX Application Thread] INFO  Engine               - Source code and latest versions at: https://github.com/AlmasB/FXGL
11:47:19.552 [JavaFX Application Thread] INFO  Engine               -       Ask questions and discuss at: https://github.com/AlmasB/FXGL/discussions
11:47:19.552 [JavaFX Application Thread] INFO  Engine               -              Join the FXGL chat at: https://gitter.im/AlmasB/FXGL
11:47:19.604 [JavaFX Application Thread] DEBUG PrimaryStageWindow   - Creating a JavaFX scene
11:47:19.640 [JavaFX Application Thread] DEBUG PrimaryStageWindow   - Target settings size: 800.0 x 900.0
11:47:19.641 [JavaFX Application Thread] DEBUG PrimaryStageWindow   - Scaled scene size:    800.0 x 900.0
11:47:19.641 [JavaFX Application Thread] DEBUG PrimaryStageWindow   - Scaled ratio: (1.0, 1.0)
11:47:19.641 [JavaFX Application Thread] DEBUG PrimaryStageWindow   - Set initial scene to FXGLStartupScene
11:47:19.646 [JavaFX Application Thread] DEBUG PrimaryStageWindow   - Opening main window
11:47:19.707 [JavaFX Application Thread] DEBUG PrimaryStageWindow   - Window border size: (16.0, 39.0)
11:47:19.708 [JavaFX Application Thread] DEBUG PrimaryStageWindow   - Scaled size: 800.0 x 900.0
11:47:19.708 [JavaFX Application Thread] DEBUG PrimaryStageWindow   - Scaled ratio: (1.0, 1.0)
11:47:19.708 [JavaFX Application Thread] DEBUG PrimaryStageWindow   - Scene size: 800.0 x 900.0
11:47:19.708 [JavaFX Application Thread] DEBUG PrimaryStageWindow   - Stage size: 816.0 x 939.0
11:47:19.717 [FXGL Background Thread 1 ] DEBUG Engine               - Initializing environment variables
11:47:19.820 [FXGL Background Thread 1 ] DEBUG FXGLAssetLoaderServi - User app class for loading assets: class com.whhs.atari_breakout.App
11:47:19.820 [FXGL Background Thread 1 ] DEBUG GameApplicationServi - Applying CSS: fxgl_dark.css
11:47:19.821 [FXGL Background Thread 1 ] DEBUG FXGLAssetLoaderServi - Loading from file system: jar:file:///C:/Users/WDAGUtilityAccount/.m2/repository/com/github/almasb/fxgl/17/fxgl-17.jar!/fxglassets/ui/css/fxgl_dark.css
11:47:19.869 [FXGL Background Thread 1 ] DEBUG GameApplicationServi - Initializing application scenes
11:47:19.973 [FXGL Background Thread 1 ] DEBUG GameWorld            - Game world initialized
11:47:20.045 [FXGL Background Thread 1 ] DEBUG PhysicsWorld         - Physics world initialized: appHeight=900, physics.ppm=50.0
11:47:20.046 [FXGL Background Thread 1 ] DEBUG PhysicsWorld         - Using strategy: BRUTE_FORCE
11:47:20.052 [FXGL Background Thread 1 ] DEBUG GameScene            - Game scene initialized: 800x900
11:47:20.072 [FXGL Background Thread 1 ] DEBUG FXGL.DefaultMenu     - createMenuBodyGameMenu()
11:47:20.080 [FXGL Background Thread 1 ] DEBUG FXGL.DefaultMenu     - createOptionsMenu()
11:47:20.089 [FXGL Background Thread 1 ] DEBUG FXGLAssetLoaderServi - Loading from file system: jar:file:///C:/Users/WDAGUtilityAccount/.m2/repository/com/github/almasb/fxgl/17/fxgl-17.jar!/fxglassets/textures/particles/smoke.png
11:47:20.245 [FXGL Background Thread 1 ] DEBUG FXGLAssetLoaderServi - Loading from file system: jar:file:///C:/Users/WDAGUtilityAccount/.m2/repository/com/github/almasb/fxgl/17/fxgl-17.jar!/fxglassets/textures/particles/trace_horizontal.png
11:47:20.264 [FXGL Background Thread 1 ] DEBUG GameApplicationServi - Application scenes initialized
11:47:20.278 [FXGL Background Thread 1 ] DEBUG SystemBundleService  - Loading FXGL system data
11:47:20.283 [FXGL Background Thread 1 ] DEBUG FileSystemAccess     - Reading from: C:\Users\WDAGUtilityAccount\git\atari_breakout\system\fxgl.bundle
11:47:20.289 [FXGL Background Thread 1 ] DEBUG SystemBundleService  - Bundle FXGL: {}
11:47:20.289 [FXGL Background Thread 1 ] DEBUG UpdaterService       - Checking for updates
11:47:20.292 [FXGL Background Thread 4 ] DEBUG FXGLApplication      - Loading fonts
11:47:20.292 [FXGL Background Thread 4 ] DEBUG FXGLAssetLoaderServi - Loading from file system: jar:file:///C:/Users/WDAGUtilityAccount/.m2/repository/com/github/almasb/fxgl/17/fxgl-17.jar!/fxglassets/ui/fonts/VarelaRound-Regular.ttf
11:47:20.292 [FXGL Background Thread 1 ] DEBUG FXGLApplication      - Loading default localization
11:47:20.293 [FXGL Background Thread 1 ] DEBUG FXGLAssetLoaderServi - Loading from file system: jar:file:///C:/Users/WDAGUtilityAccount/.m2/repository/com/github/almasb/fxgl/17/fxgl-17.jar!/fxglassets/languages/english.lang
11:47:20.316 [FXGL Background Thread 1 ] INFO  FXGLApplication      - FXGL initialization took: 0.598 sec
11:47:20.341 [FXGL Background Thread 4 ] DEBUG FXGLAssetLoaderServi - Loading from file system: jar:file:///C:/Users/WDAGUtilityAccount/.m2/repository/com/github/almasb/fxgl/17/fxgl-17.jar!/fxglassets/ui/fonts/Abel-Regular.ttf
11:47:20.343 [FXGL Background Thread 4 ] DEBUG FXGLAssetLoaderServi - Loading from file system: jar:file:///C:/Users/WDAGUtilityAccount/.m2/repository/com/github/almasb/fxgl/17/fxgl-17.jar!/fxglassets/ui/fonts/TerminalLandMono-Regular.otf
11:47:20.343 [FXGL Background Thread 4 ] DEBUG FXGLAssetLoaderServi - Loading from file system: jar:file:///C:/Users/WDAGUtilityAccount/.m2/repository/com/github/almasb/fxgl/17/fxgl-17.jar!/fxglassets/ui/fonts/Courier-Prime.ttf
11:47:20.349 [JavaFX Application Thread] DEBUG Input                - Registered new binding: action0 - D
11:47:20.352 [JavaFX Application Thread] DEBUG Input                - Registered new binding: action1 - A
11:47:20.353 [JavaFX Application Thread] DEBUG FXGLAssetLoaderServi - Loading from file system: jar:file:///C:/Users/WDAGUtilityAccount/.m2/repository/com/github/almasb/fxgl/17/fxgl-17.jar!/fxglassets/textures/fxgl_icon.png
11:47:20.385 [JavaFX Application Thread] DEBUG FXGLAssetLoaderServi - Loading from file system: jar:file:///C:/Users/WDAGUtilityAccount/.m2/repository/com/github/almasb/fxgl/17/fxgl-17.jar!/fxglassets/textures/fxgl_default_cursor.png
11:47:20.393 [JavaFX Application Thread] DEBUG Input                - Registered new binding: Screenshot - CTRL+8
11:47:20.395 [JavaFX Application Thread] DEBUG Input                - Registered new binding: System info dump - CTRL+9
11:47:20.397 [JavaFX Application Thread] DEBUG Input                - Registered new binding: Restart - CTRL+R
11:47:20.399 [JavaFX Application Thread] DEBUG Input                - Registered new binding: Toggle Debug Camera - CTRL+7
11:47:20.410 [JavaFX Application Thread] DEBUG LoopRunner           - Starting loop
11:47:20.410 [JavaFX Application Thread] DEBUG LoopRunner           - Initializing JavaFX AnimationTimerLoop
11:47:20.420 [JavaFX Application Thread] DEBUG GameApplicationServi - Starting new game
11:47:20.421 [JavaFX Application Thread] DEBUG Input                - Clearing active input actions
11:47:20.444 [JavaFX Application Thread] DEBUG GameApplicationServi - Removing overlay from FXGLStartupScene and adding to FXGLLoadingScene
11:47:20.445 [JavaFX Application Thread] DEBUG PrimaryStageWindow   - FXGLStartupScene -> FXGLLoadingScene
11:47:20.445 [JavaFX Application Thread] DEBUG GameApplicationServi - Clearing previous game
11:47:20.445 [JavaFX Application Thread] DEBUG GameScene            - Clearing game scene
11:47:20.445 [JavaFX Application Thread] DEBUG GameWorld            - Clearing game world
11:47:20.445 [JavaFX Application Thread] DEBUG PhysicsWorld         - Clearing physics world
11:47:20.452 [FXGL Background Thread 4 ] DEBUG FXGLApplication      - Initializing game
11:47:20.452 [JavaFX Application Thread] DEBUG FXGLApplication      - Registering font factories with UI factory
11:47:20.602 [FXGL Background Thread 4 ] INFO  FXGLApplication      - Game initialization took: 0.150 sec
11:47:20.755 [JavaFX Application Thread] DEBUG Input                - Clearing active input actions
11:47:20.770 [JavaFX Application Thread] DEBUG GameApplicationServi - Removing overlay from FXGLLoadingScene and adding to GameScene
11:47:20.770 [JavaFX Application Thread] DEBUG PrimaryStageWindow   - FXGLLoadingScene -> GameScene
11:47:21.170 [FXGL Background Thread 2 ] INFO  UpdaterService       - Your current version:  17
11:47:21.170 [FXGL Background Thread 2 ] INFO  UpdaterService       - Latest stable version: 17.3
11:47:23.291 [FXGL Background Thread 3 ] DEBUG Engine               - Logging environment variables
11:47:23.292 [FXGL Background Thread 3 ] DEBUG Engine               - achievements: []
11:47:23.292 [FXGL Background Thread 3 ] DEBUG Engine               - actualHeight: 900.0
11:47:23.292 [FXGL Background Thread 3 ] DEBUG Engine               - actualHeightProperty: ReadOnlyDoubleProperty [value: 900.0]
11:47:23.292 [FXGL Background Thread 3 ] DEBUG Engine               - actualWidth: 800.0
11:47:23.292 [FXGL Background Thread 3 ] DEBUG Engine               - actualWidthProperty: ReadOnlyDoubleProperty [value: 800.0]
11:47:23.292 [FXGL Background Thread 3 ] DEBUG Engine               - appIcon: fxgl_icon.png
11:47:23.292 [FXGL Background Thread 3 ] DEBUG Engine               - applicationMode: DEVELOPER
11:47:23.292 [FXGL Background Thread 3 ] DEBUG Engine               - cSSList: [fxgl_dark.css]
11:47:23.293 [FXGL Background Thread 3 ] DEBUG Engine               - collisionDetectionStrategy: BRUTE_FORCE
11:47:23.293 [FXGL Background Thread 3 ] DEBUG Engine               - configClass: Optional.empty
11:47:23.293 [FXGL Background Thread 3 ] DEBUG Engine               - credits: []
11:47:23.293 [FXGL Background Thread 3 ] DEBUG Engine               - defaultCursor: CursorInfo(imageName=fxgl_default_cursor.png, hotspotX=7.0, hotspotY=6.0)
11:47:23.294 [FXGL Background Thread 3 ] DEBUG Engine               - devBBoxColorProperty: ObjectProperty [value: 0xff0000ff]
11:47:23.294 [FXGL Background Thread 3 ] DEBUG Engine               - devEnableDebugCameraProperty: BooleanProperty [value: false]
11:47:23.294 [FXGL Background Thread 3 ] DEBUG Engine               - devSensorColorProperty: ObjectProperty [value: 0xffff00ff]
11:47:23.294 [FXGL Background Thread 3 ] DEBUG Engine               - devShowBBoxProperty: BooleanProperty [value: false]
11:47:23.294 [FXGL Background Thread 3 ] DEBUG Engine               - devShowPositionProperty: BooleanProperty [value: false]
11:47:23.294 [FXGL Background Thread 3 ] DEBUG Engine               - enabledMenuItems: []
11:47:23.294 [FXGL Background Thread 3 ] DEBUG Engine               - engineServices: [class com.almasb.fxgl.app.services.FXGLAssetLoaderService, class com.almasb.fxgl.app.FXGLApplication$GameApplicationService, class com.almasb.fxgl.app.services.FXGLDialogService, class com.almasb.fxgl.app.services.IOTaskExecutorService, class com.almasb.fxgl.io.FileSystemService, class com.almasb.fxgl.localization.LocalizationService, class com.almasb.fxgl.app.services.SystemBundleService, class com.almasb.fxgl.profile.SaveLoadService, class com.almasb.fxgl.ui.FXGLUIFactoryServiceProvider, class com.almasb.fxgl.ui.FXGLDialogFactoryServiceProvider, class com.almasb.fxgl.audio.AudioPlayer, class com.almasb.fxgl.notification.impl.NotificationServiceProvider, class com.almasb.fxgl.achievement.AchievementService, class com.almasb.fxgl.cutscene.CutsceneService, class com.almasb.fxgl.minigames.MiniGameService, class com.almasb.fxgl.net.NetService, class com.almasb.fxgl.app.services.UpdaterService, class com.almasb.fxgl.dev.DevService]
11:47:23.294 [FXGL Background Thread 3 ] DEBUG Engine               - fontGame: Abel-Regular.ttf
11:47:23.294 [FXGL Background Thread 3 ] DEBUG Engine               - fontMono: TerminalLandMono-Regular.otf
11:47:23.294 [FXGL Background Thread 3 ] DEBUG Engine               - fontText: Courier-Prime.ttf
11:47:23.294 [FXGL Background Thread 3 ] DEBUG Engine               - fontUI: VarelaRound-Regular.ttf
11:47:23.294 [FXGL Background Thread 3 ] DEBUG Engine               - fullScreen: BooleanProperty [value: false]
11:47:23.294 [FXGL Background Thread 3 ] DEBUG Engine               - gameDifficulty: MEDIUM
11:47:23.294 [FXGL Background Thread 3 ] DEBUG Engine               - gameDifficultyProperty: ObjectProperty [value: MEDIUM]
11:47:23.294 [FXGL Background Thread 3 ] DEBUG Engine               - globalMusicVolume: 0.5
11:47:23.294 [FXGL Background Thread 3 ] DEBUG Engine               - globalMusicVolumeProperty: DoubleProperty [value: 0.5]
11:47:23.294 [FXGL Background Thread 3 ] DEBUG Engine               - globalSoundVolume: 0.5
11:47:23.294 [FXGL Background Thread 3 ] DEBUG Engine               - globalSoundVolumeProperty: DoubleProperty [value: 0.5]
11:47:23.294 [FXGL Background Thread 3 ] DEBUG Engine               - height: 900
11:47:23.294 [FXGL Background Thread 3 ] DEBUG Engine               - is3D: false
11:47:23.294 [FXGL Background Thread 3 ] DEBUG Engine               - isAndroid: false
11:47:23.295 [FXGL Background Thread 3 ] DEBUG Engine               - isBrowser: false
11:47:23.295 [FXGL Background Thread 3 ] DEBUG Engine               - isClickFeedbackEnabled: false
11:47:23.295 [FXGL Background Thread 3 ] DEBUG Engine               - isCloseConfirmation: false
11:47:23.295 [FXGL Background Thread 3 ] DEBUG Engine               - isDesktop: true
11:47:23.295 [FXGL Background Thread 3 ] DEBUG Engine               - isDeveloperMenuEnabled: false
11:47:23.295 [FXGL Background Thread 3 ] DEBUG Engine               - isEmbedded: false
11:47:23.296 [FXGL Background Thread 3 ] DEBUG Engine               - isEntityPreloadEnabled: true
11:47:23.296 [FXGL Background Thread 3 ] DEBUG Engine               - isExperimentalTiledLargeMap: false
11:47:23.297 [FXGL Background Thread 3 ] DEBUG Engine               - isFileSystemWriteAllowed: true
11:47:23.297 [FXGL Background Thread 3 ] DEBUG Engine               - isFullScreenAllowed: false
11:47:23.297 [FXGL Background Thread 3 ] DEBUG Engine               - isFullScreenFromStart: false
11:47:23.297 [FXGL Background Thread 3 ] DEBUG Engine               - isGameMenuEnabled: true
11:47:23.297 [FXGL Background Thread 3 ] DEBUG Engine               - isIOS: false
11:47:23.297 [FXGL Background Thread 3 ] DEBUG Engine               - isIntroEnabled: false
11:47:23.297 [FXGL Background Thread 3 ] DEBUG Engine               - isLinux: false
11:47:23.297 [FXGL Background Thread 3 ] DEBUG Engine               - isMac: false
11:47:23.297 [FXGL Background Thread 3 ] DEBUG Engine               - isMainMenuEnabled: false
11:47:23.297 [FXGL Background Thread 3 ] DEBUG Engine               - isManualResizeEnabled: false
11:47:23.297 [FXGL Background Thread 3 ] DEBUG Engine               - isMobile: false
11:47:23.297 [FXGL Background Thread 3 ] DEBUG Engine               - isNative: false
11:47:23.297 [FXGL Background Thread 3 ] DEBUG Engine               - isPauseMusicWhenMinimized: true
11:47:23.297 [FXGL Background Thread 3 ] DEBUG Engine               - isPreserveResizeRatio: false
11:47:23.297 [FXGL Background Thread 3 ] DEBUG Engine               - isProfilingEnabled: false
11:47:23.297 [FXGL Background Thread 3 ] DEBUG Engine               - isScaleAffectedOnResize: true
11:47:23.297 [FXGL Background Thread 3 ] DEBUG Engine               - isSingleStep: false
11:47:23.297 [FXGL Background Thread 3 ] DEBUG Engine               - isUserProfileEnabled: false
11:47:23.297 [FXGL Background Thread 3 ] DEBUG Engine               - isWindows: true
11:47:23.297 [FXGL Background Thread 3 ] DEBUG Engine               - language: ObjectProperty [value: ENGLISH]
11:47:23.297 [FXGL Background Thread 3 ] DEBUG Engine               - menuKey: ESCAPE
11:47:23.297 [FXGL Background Thread 3 ] DEBUG Engine               - mouseSensitivity: 0.2
11:47:23.297 [FXGL Background Thread 3 ] DEBUG Engine               - notificationViewClass: class com.almasb.fxgl.notification.view.XboxNotificationView
11:47:23.297 [FXGL Background Thread 3 ] DEBUG Engine               - pixelsPerMeter: 50.0
11:47:23.297 [FXGL Background Thread 3 ] DEBUG Engine               - platform: WINDOWS
11:47:23.297 [FXGL Background Thread 3 ] DEBUG Engine               - prefHeightProperty: ReadOnlyDoubleProperty [value: 900.0]
11:47:23.297 [FXGL Background Thread 3 ] DEBUG Engine               - prefWidthProperty: ReadOnlyDoubleProperty [value: 800.0]
11:47:23.297 [FXGL Background Thread 3 ] DEBUG Engine               - profileDir: profiles/
11:47:23.297 [FXGL Background Thread 3 ] DEBUG Engine               - profileName: StringProperty [value: DEFAULT]
11:47:23.297 [FXGL Background Thread 3 ] DEBUG Engine               - randomSeed: -1
11:47:23.298 [FXGL Background Thread 3 ] DEBUG Engine               - runtimeInfo: RuntimeInfo(platform=WINDOWS, version=17, build=31.12.2021 18.16)
11:47:23.298 [FXGL Background Thread 3 ] DEBUG Engine               - saveFileExt: sav
11:47:23.298 [FXGL Background Thread 3 ] DEBUG Engine               - scaledHeightProp$fxgl: DoubleProperty [bound, value: 900.0]
11:47:23.298 [FXGL Background Thread 3 ] DEBUG Engine               - scaledWidthProp$fxgl: DoubleProperty [bound, value: 800.0]
11:47:23.298 [FXGL Background Thread 3 ] DEBUG Engine               - sceneFactory: com.almasb.fxgl.app.scene.SceneFactory@64d2ee3a
11:47:23.298 [FXGL Background Thread 3 ] DEBUG Engine               - secondsIn24h: 60
11:47:23.298 [FXGL Background Thread 3 ] DEBUG Engine               - soundMenuBack: menu/back.wav
11:47:23.298 [FXGL Background Thread 3 ] DEBUG Engine               - soundMenuPress: menu/press.wav
11:47:23.298 [FXGL Background Thread 3 ] DEBUG Engine               - soundMenuSelect: menu/select.wav
11:47:23.298 [FXGL Background Thread 3 ] DEBUG Engine               - soundNotification: core/notification.wav
11:47:23.298 [FXGL Background Thread 3 ] DEBUG Engine               - stageStyle: DECORATED
11:47:23.298 [FXGL Background Thread 3 ] DEBUG Engine               - supportedLanguages: [ENGLISH, FRENCH, GERMAN, HUNGARIAN, RUSSIAN]
11:47:23.298 [FXGL Background Thread 3 ] DEBUG Engine               - ticksPerSecond: -1
11:47:23.298 [FXGL Background Thread 3 ] DEBUG Engine               - title: Atari
11:47:23.298 [FXGL Background Thread 3 ] DEBUG Engine               - urlGithub: https://github.com/AlmasB/FXGL
11:47:23.298 [FXGL Background Thread 3 ] DEBUG Engine               - urlLeaderboard: http://fxgl-top.herokuapp.com/
11:47:23.298 [FXGL Background Thread 3 ] DEBUG Engine               - urlPOM: https://raw.githubusercontent.com/AlmasB/FXGL/release/README.md
11:47:23.298 [FXGL Background Thread 3 ] DEBUG Engine               - userAppClass: class com.whhs.atari_breakout.App
11:47:23.299 [FXGL Background Thread 3 ] DEBUG Engine               - version: 1
11:47:23.299 [FXGL Background Thread 3 ] DEBUG Engine               - versionCheckDays: 7
11:47:23.299 [FXGL Background Thread 3 ] DEBUG Engine               - width: 800
11:47:23.299 [FXGL Background Thread 3 ] DEBUG Engine               - Logging services
11:47:23.299 [FXGL Background Thread 3 ] DEBUG Engine               - class com.almasb.fxgl.app.services.FXGLAssetLoaderService
11:47:23.299 [FXGL Background Thread 3 ] DEBUG Engine               - class com.almasb.fxgl.app.FXGLApplication$GameApplicationService
11:47:23.299 [FXGL Background Thread 3 ] DEBUG Engine               - class com.almasb.fxgl.app.services.FXGLDialogService
11:47:23.299 [FXGL Background Thread 3 ] DEBUG Engine               - class com.almasb.fxgl.app.services.IOTaskExecutorService
11:47:23.299 [FXGL Background Thread 3 ] DEBUG Engine               - class com.almasb.fxgl.io.FileSystemService
11:47:23.299 [FXGL Background Thread 3 ] DEBUG Engine               - class com.almasb.fxgl.localization.LocalizationService
11:47:23.299 [FXGL Background Thread 3 ] DEBUG Engine               - class com.almasb.fxgl.app.services.SystemBundleService
11:47:23.299 [FXGL Background Thread 3 ] DEBUG Engine               - class com.almasb.fxgl.profile.SaveLoadService
11:47:23.299 [FXGL Background Thread 3 ] DEBUG Engine               - class com.almasb.fxgl.ui.FXGLUIFactoryServiceProvider
11:47:23.299 [FXGL Background Thread 3 ] DEBUG Engine               - class com.almasb.fxgl.ui.FXGLDialogFactoryServiceProvider
11:47:23.299 [FXGL Background Thread 3 ] DEBUG Engine               - class com.almasb.fxgl.audio.AudioPlayer
11:47:23.299 [FXGL Background Thread 3 ] DEBUG Engine               - class com.almasb.fxgl.notification.impl.NotificationServiceProvider
11:47:23.299 [FXGL Background Thread 3 ] DEBUG Engine               - class com.almasb.fxgl.achievement.AchievementService
11:47:23.299 [FXGL Background Thread 3 ] DEBUG Engine               - class com.almasb.fxgl.cutscene.CutsceneService
11:47:23.299 [FXGL Background Thread 3 ] DEBUG Engine               - class com.almasb.fxgl.minigames.MiniGameService
11:47:23.299 [FXGL Background Thread 3 ] DEBUG Engine               - class com.almasb.fxgl.net.NetService
11:47:23.299 [FXGL Background Thread 3 ] DEBUG Engine               - class com.almasb.fxgl.app.services.UpdaterService
11:47:23.299 [FXGL Background Thread 3 ] DEBUG Engine               - class com.almasb.fxgl.dev.DevService
11:47:35.116 [JavaFX Application Thread] DEBUG FXGLApplication      - Exiting FXGL
11:47:35.116 [JavaFX Application Thread] DEBUG LoopRunner           - Stopping loop
11:47:35.117 [JavaFX Application Thread] DEBUG SystemBundleService  - Saving FXGL system data
11:47:35.118 [JavaFX Application Thread] DEBUG FileSystemAccess     - Writing to: C:\Users\WDAGUtilityAccount\git\atari_breakout\system\fxgl.bundle
11:47:35.119 [JavaFX Application Thread] DEBUG Async                - Shutting down background threads
11:47:35.119 [JavaFX Application Thread] DEBUG PrimaryStageWindow   - Closing main window
11:47:35.131 [JavaFX Application Thread] DEBUG Logger               - Closing Logger
